<?xml version="1.0" encoding="UTF-8"?>
<testng-results ignored="0" total="1" passed="1" failed="0" skipped="0">
  <reporter-output>
  </reporter-output>
  <suite started-at="2023-02-05T00:11:03 IST" name="Default suite" finished-at="2023-02-05T00:11:29 IST" duration-ms="25323">
    <groups>
    </groups>
    <test started-at="2023-02-05T00:11:03 IST" name="Default test" finished-at="2023-02-05T00:11:29 IST" duration-ms="25323">
      <class name="com.simplilearn.AppiumDemo.ZoomOut">
        <test-method is-config="true" signature="LaunchApp()[pri:0, instance:com.simplilearn.AppiumDemo.ZoomOut@6404f418]" started-at="2023-02-05T00:11:03 IST" name="LaunchApp" finished-at="2023-02-05T00:11:12 IST" duration-ms="8675" status="PASS">
          <reporter-output>
          </reporter-output>
        </test-method> <!-- LaunchApp -->
        <test-method signature="ZoomOutAction()[pri:0, instance:com.simplilearn.AppiumDemo.ZoomOut@6404f418]" started-at="2023-02-05T00:11:12 IST" name="ZoomOutAction" finished-at="2023-02-05T00:11:29 IST" duration-ms="16594" status="PASS">
          <reporter-output>
          </reporter-output>
        </test-method> <!-- ZoomOutAction -->
      </class> <!-- com.simplilearn.AppiumDemo.ZoomOut -->
    </test> <!-- Default test -->
  </suite> <!-- Default suite -->
</testng-results>
